<?xml version="1.0" encoding="UTF-8"?>
<testng-results skipped="0" failed="0" ignored="0" total="1" passed="1">
  <reporter-output>
  </reporter-output>
  <suite name="inetBankingV1" duration-ms="64202" started-at="2021-12-18T17:35:51 IST" finished-at="2021-12-18T17:36:56 IST">
    <groups>
    </groups>
    <test name="BankingApp Test" duration-ms="64202" started-at="2021-12-18T17:35:51 IST" finished-at="2021-12-18T17:36:56 IST">
      <class name="inetBanking.testCases.TC_LoginTest_001">
        <test-method status="PASS" signature="setup(java.lang.String)[pri:0, instance:inetBanking.testCases.TC_LoginTest_001@5fdba6f9]" name="setup" is-config="true" duration-ms="57075" started-at="2021-12-18T17:35:51 IST" finished-at="2021-12-18T17:36:49 IST">
          <params>
            <param index="0">
              <value>
                <![CDATA[edge]]>
              </value>
            </param>
          </params>
          <reporter-output>
          </reporter-output>
        </test-method> <!-- setup -->
        <test-method status="PASS" signature="loginTest()[pri:0, instance:inetBanking.testCases.TC_LoginTest_001@5fdba6f9]" name="loginTest" duration-ms="6075" started-at="2021-12-18T17:36:49 IST" finished-at="2021-12-18T17:36:55 IST">
          <reporter-output>
          </reporter-output>
        </test-method> <!-- loginTest -->
        <test-method status="PASS" signature="tearDown()[pri:0, instance:inetBanking.testCases.TC_LoginTest_001@5fdba6f9]" name="tearDown" is-config="true" duration-ms="988" started-at="2021-12-18T17:36:55 IST" finished-at="2021-12-18T17:36:56 IST">
          <reporter-output>
          </reporter-output>
        </test-method> <!-- tearDown -->
      </class> <!-- inetBanking.testCases.TC_LoginTest_001 -->
    </test> <!-- BankingApp Test -->
  </suite> <!-- inetBankingV1 -->
</testng-results>
